State 9 conflicts: 4 shift/reduce
State 10 conflicts: 4 shift/reduce


Grammar

    0 $accept: input $end

    1 input: %empty
    2      | input line

    3 line: NL
    4     | step NL

    5 step: direction
    6     | step direction

    7 direction: text_item
    8          | timer
    9          | cookware
   10          | ingredient
   11          | HWORD text_item
   12          | ATWORD text_item

   13 text_item: WORD
   14          | MULTIWORD
   15          | NUMBER
   16          | PUNC_CHAR

   17 timer: TILDE amount
   18      | TILDE WORD amount
   19      | TILDE MULTIWORD amount

   20 amount: LCURL RCURL
   21       | LCURL NUMBER RCURL
   22       | LCURL NUMBER UNIT RCURL
   23       | LCURL WORD RCURL
   24       | LCURL WORD UNIT RCURL
   25       | LCURL MULTIWORD RCURL
   26       | LCURL MULTIWORD UNIT RCURL

   27 cookware: HWORD
   28         | HWORD LCURL RCURL
   29         | HWORD WORD LCURL RCURL
   30         | HWORD MULTIWORD LCURL RCURL
   31         | HWORD cookware_amount
   32         | HWORD WORD cookware_amount
   33         | HWORD MULTIWORD cookware_amount

   34 cookware_amount: LCURL NUMBER RCURL
   35                | LCURL WORD RCURL
   36                | LCURL MULTIWORD RCURL

   37 ingredient: ATWORD
   38           | ATWORD amount
   39           | ATWORD WORD amount
   40           | ATWORD MULTIWORD amount


Terminals, with rules where they appear

$end (0) 0
error (256)
WORD <string> (258) 13 18 23 24 29 32 35 39
MULTIWORD <string> (259) 14 19 25 26 30 33 36 40
UNIT <string> (260) 22 24 26
NUMBER <number> (261) 15 21 22 34
LCURL <character> (262) 20 21 22 23 24 25 26 28 29 30 34 35 36
RCURL <character> (263) 20 21 22 23 24 25 26 28 29 30 34 35 36
PUNC_CHAR <character> (264) 16
NL <character> (265) 3 4
TILDE (266) 17 18 19
HWORD <string> (267) 11 27 28 29 30 31 32 33
ATWORD <string> (268) 12 37 38 39 40


Nonterminals, with rules where they appear

$accept (14)
    on left: 0
input <string> (15)
    on left: 1 2, on right: 0 2
line <string> (16)
    on left: 3 4, on right: 2
step <string> (17)
    on left: 5 6, on right: 4 6
direction <string> (18)
    on left: 7 8 9 10 11 12, on right: 5 6
text_item <string> (19)
    on left: 13 14 15 16, on right: 7 11 12
timer <string> (20)
    on left: 17 18 19, on right: 8
amount <string> (21)
    on left: 20 21 22 23 24 25 26, on right: 17 18 19 38 39 40
cookware <string> (22)
    on left: 27 28 29 30 31 32 33, on right: 9
cookware_amount <string> (23)
    on left: 34 35 36, on right: 31 32 33
ingredient <string> (24)
    on left: 37 38 39 40, on right: 10


State 0

    0 $accept: . input $end

    $default  reduce using rule 1 (input)

    input  go to state 1


State 1

    0 $accept: input . $end
    2 input: input . line

    $end       shift, and go to state 2
    WORD       shift, and go to state 3
    MULTIWORD  shift, and go to state 4
    NUMBER     shift, and go to state 5
    PUNC_CHAR  shift, and go to state 6
    NL         shift, and go to state 7
    TILDE      shift, and go to state 8
    HWORD      shift, and go to state 9
    ATWORD     shift, and go to state 10

    line        go to state 11
    step        go to state 12
    direction   go to state 13
    text_item   go to state 14
    timer       go to state 15
    cookware    go to state 16
    ingredient  go to state 17


State 2

    0 $accept: input $end .

    $default  accept


State 3

   13 text_item: WORD .

    $default  reduce using rule 13 (text_item)


State 4

   14 text_item: MULTIWORD .

    $default  reduce using rule 14 (text_item)


State 5

   15 text_item: NUMBER .

    $default  reduce using rule 15 (text_item)


State 6

   16 text_item: PUNC_CHAR .

    $default  reduce using rule 16 (text_item)


State 7

    3 line: NL .

    $default  reduce using rule 3 (line)


State 8

   17 timer: TILDE . amount
   18      | TILDE . WORD amount
   19      | TILDE . MULTIWORD amount

    WORD       shift, and go to state 18
    MULTIWORD  shift, and go to state 19
    LCURL      shift, and go to state 20

    amount  go to state 21


State 9

   11 direction: HWORD . text_item
   27 cookware: HWORD .
   28         | HWORD . LCURL RCURL
   29         | HWORD . WORD LCURL RCURL
   30         | HWORD . MULTIWORD LCURL RCURL
   31         | HWORD . cookware_amount
   32         | HWORD . WORD cookware_amount
   33         | HWORD . MULTIWORD cookware_amount

    WORD       shift, and go to state 22
    MULTIWORD  shift, and go to state 23
    NUMBER     shift, and go to state 5
    LCURL      shift, and go to state 24
    PUNC_CHAR  shift, and go to state 6

    WORD       [reduce using rule 27 (cookware)]
    MULTIWORD  [reduce using rule 27 (cookware)]
    NUMBER     [reduce using rule 27 (cookware)]
    PUNC_CHAR  [reduce using rule 27 (cookware)]
    $default   reduce using rule 27 (cookware)

    text_item        go to state 25
    cookware_amount  go to state 26


State 10

   12 direction: ATWORD . text_item
   37 ingredient: ATWORD .
   38           | ATWORD . amount
   39           | ATWORD . WORD amount
   40           | ATWORD . MULTIWORD amount

    WORD       shift, and go to state 27
    MULTIWORD  shift, and go to state 28
    NUMBER     shift, and go to state 5
    LCURL      shift, and go to state 20
    PUNC_CHAR  shift, and go to state 6

    WORD       [reduce using rule 37 (ingredient)]
    MULTIWORD  [reduce using rule 37 (ingredient)]
    NUMBER     [reduce using rule 37 (ingredient)]
    PUNC_CHAR  [reduce using rule 37 (ingredient)]
    $default   reduce using rule 37 (ingredient)

    text_item  go to state 29
    amount     go to state 30


State 11

    2 input: input line .

    $default  reduce using rule 2 (input)


State 12

    4 line: step . NL
    6 step: step . direction

    WORD       shift, and go to state 3
    MULTIWORD  shift, and go to state 4
    NUMBER     shift, and go to state 5
    PUNC_CHAR  shift, and go to state 6
    NL         shift, and go to state 31
    TILDE      shift, and go to state 8
    HWORD      shift, and go to state 9
    ATWORD     shift, and go to state 10

    direction   go to state 32
    text_item   go to state 14
    timer       go to state 15
    cookware    go to state 16
    ingredient  go to state 17


State 13

    5 step: direction .

    $default  reduce using rule 5 (step)


State 14

    7 direction: text_item .

    $default  reduce using rule 7 (direction)


State 15

    8 direction: timer .

    $default  reduce using rule 8 (direction)


State 16

    9 direction: cookware .

    $default  reduce using rule 9 (direction)


State 17

   10 direction: ingredient .

    $default  reduce using rule 10 (direction)


State 18

   18 timer: TILDE WORD . amount

    LCURL  shift, and go to state 20

    amount  go to state 33


State 19

   19 timer: TILDE MULTIWORD . amount

    LCURL  shift, and go to state 20

    amount  go to state 34


State 20

   20 amount: LCURL . RCURL
   21       | LCURL . NUMBER RCURL
   22       | LCURL . NUMBER UNIT RCURL
   23       | LCURL . WORD RCURL
   24       | LCURL . WORD UNIT RCURL
   25       | LCURL . MULTIWORD RCURL
   26       | LCURL . MULTIWORD UNIT RCURL

    WORD       shift, and go to state 35
    MULTIWORD  shift, and go to state 36
    NUMBER     shift, and go to state 37
    RCURL      shift, and go to state 38


State 21

   17 timer: TILDE amount .

    $default  reduce using rule 17 (timer)


State 22

   13 text_item: WORD .
   29 cookware: HWORD WORD . LCURL RCURL
   32         | HWORD WORD . cookware_amount

    LCURL  shift, and go to state 39

    $default  reduce using rule 13 (text_item)

    cookware_amount  go to state 40


State 23

   14 text_item: MULTIWORD .
   30 cookware: HWORD MULTIWORD . LCURL RCURL
   33         | HWORD MULTIWORD . cookware_amount

    LCURL  shift, and go to state 41

    $default  reduce using rule 14 (text_item)

    cookware_amount  go to state 42


State 24

   28 cookware: HWORD LCURL . RCURL
   34 cookware_amount: LCURL . NUMBER RCURL
   35                | LCURL . WORD RCURL
   36                | LCURL . MULTIWORD RCURL

    WORD       shift, and go to state 43
    MULTIWORD  shift, and go to state 44
    NUMBER     shift, and go to state 45
    RCURL      shift, and go to state 46


State 25

   11 direction: HWORD text_item .

    $default  reduce using rule 11 (direction)


State 26

   31 cookware: HWORD cookware_amount .

    $default  reduce using rule 31 (cookware)


State 27

   13 text_item: WORD .
   39 ingredient: ATWORD WORD . amount

    LCURL  shift, and go to state 20

    $default  reduce using rule 13 (text_item)

    amount  go to state 47


State 28

   14 text_item: MULTIWORD .
   40 ingredient: ATWORD MULTIWORD . amount

    LCURL  shift, and go to state 20

    $default  reduce using rule 14 (text_item)

    amount  go to state 48


State 29

   12 direction: ATWORD text_item .

    $default  reduce using rule 12 (direction)


State 30

   38 ingredient: ATWORD amount .

    $default  reduce using rule 38 (ingredient)


State 31

    4 line: step NL .

    $default  reduce using rule 4 (line)


State 32

    6 step: step direction .

    $default  reduce using rule 6 (step)


State 33

   18 timer: TILDE WORD amount .

    $default  reduce using rule 18 (timer)


State 34

   19 timer: TILDE MULTIWORD amount .

    $default  reduce using rule 19 (timer)


State 35

   23 amount: LCURL WORD . RCURL
   24       | LCURL WORD . UNIT RCURL

    UNIT   shift, and go to state 49
    RCURL  shift, and go to state 50


State 36

   25 amount: LCURL MULTIWORD . RCURL
   26       | LCURL MULTIWORD . UNIT RCURL

    UNIT   shift, and go to state 51
    RCURL  shift, and go to state 52


State 37

   21 amount: LCURL NUMBER . RCURL
   22       | LCURL NUMBER . UNIT RCURL

    UNIT   shift, and go to state 53
    RCURL  shift, and go to state 54


State 38

   20 amount: LCURL RCURL .

    $default  reduce using rule 20 (amount)


State 39

   29 cookware: HWORD WORD LCURL . RCURL
   34 cookware_amount: LCURL . NUMBER RCURL
   35                | LCURL . WORD RCURL
   36                | LCURL . MULTIWORD RCURL

    WORD       shift, and go to state 43
    MULTIWORD  shift, and go to state 44
    NUMBER     shift, and go to state 45
    RCURL      shift, and go to state 55


State 40

   32 cookware: HWORD WORD cookware_amount .

    $default  reduce using rule 32 (cookware)


State 41

   30 cookware: HWORD MULTIWORD LCURL . RCURL
   34 cookware_amount: LCURL . NUMBER RCURL
   35                | LCURL . WORD RCURL
   36                | LCURL . MULTIWORD RCURL

    WORD       shift, and go to state 43
    MULTIWORD  shift, and go to state 44
    NUMBER     shift, and go to state 45
    RCURL      shift, and go to state 56


State 42

   33 cookware: HWORD MULTIWORD cookware_amount .

    $default  reduce using rule 33 (cookware)


State 43

   35 cookware_amount: LCURL WORD . RCURL

    RCURL  shift, and go to state 57


State 44

   36 cookware_amount: LCURL MULTIWORD . RCURL

    RCURL  shift, and go to state 58


State 45

   34 cookware_amount: LCURL NUMBER . RCURL

    RCURL  shift, and go to state 59


State 46

   28 cookware: HWORD LCURL RCURL .

    $default  reduce using rule 28 (cookware)


State 47

   39 ingredient: ATWORD WORD amount .

    $default  reduce using rule 39 (ingredient)


State 48

   40 ingredient: ATWORD MULTIWORD amount .

    $default  reduce using rule 40 (ingredient)


State 49

   24 amount: LCURL WORD UNIT . RCURL

    RCURL  shift, and go to state 60


State 50

   23 amount: LCURL WORD RCURL .

    $default  reduce using rule 23 (amount)


State 51

   26 amount: LCURL MULTIWORD UNIT . RCURL

    RCURL  shift, and go to state 61


State 52

   25 amount: LCURL MULTIWORD RCURL .

    $default  reduce using rule 25 (amount)


State 53

   22 amount: LCURL NUMBER UNIT . RCURL

    RCURL  shift, and go to state 62


State 54

   21 amount: LCURL NUMBER RCURL .

    $default  reduce using rule 21 (amount)


State 55

   29 cookware: HWORD WORD LCURL RCURL .

    $default  reduce using rule 29 (cookware)


State 56

   30 cookware: HWORD MULTIWORD LCURL RCURL .

    $default  reduce using rule 30 (cookware)


State 57

   35 cookware_amount: LCURL WORD RCURL .

    $default  reduce using rule 35 (cookware_amount)


State 58

   36 cookware_amount: LCURL MULTIWORD RCURL .

    $default  reduce using rule 36 (cookware_amount)


State 59

   34 cookware_amount: LCURL NUMBER RCURL .

    $default  reduce using rule 34 (cookware_amount)


State 60

   24 amount: LCURL WORD UNIT RCURL .

    $default  reduce using rule 24 (amount)


State 61

   26 amount: LCURL MULTIWORD UNIT RCURL .

    $default  reduce using rule 26 (amount)


State 62

   22 amount: LCURL NUMBER UNIT RCURL .

    $default  reduce using rule 22 (amount)
